warning: struct `MegaConfig` has 13 fields, consider splitting into smaller types
  --> $DIR/main.rs:6:1
   |
LL | / struct MegaConfig {
LL | |     a: u8,
LL | |     b: u8,
LL | |     c: u8,
...  |
LL | |     m: u8,
LL | | }
   | |_^
   |
   = help: group related fields into separate structs to improve readability
   = note: `#[warn(large_struct)]` on by default

warning: struct `ExactThreshold` has 12 fields, consider splitting into smaller types
  --> $DIR/main.rs:23:1
   |
LL | / struct ExactThreshold {
LL | |     a: u8,
LL | |     b: u8,
LL | |     c: u8,
...  |
LL | |     l: u8,
LL | | }
   | |_^
   |
   = help: group related fields into separate structs to improve readability

warning: 2 warnings emitted

