warning: struct `Config` has 4 fields but does not derive `bon::Builder`
  --> $DIR/main.rs:7:1
   |
LL | / struct Config {
LL | |     host: String,
LL | |     port: u16,
LL | |     timeout: u32,
LL | |     retries: u8,
LL | | }
   | |_^
   |
   = help: add `#[derive(bon::Builder)]` to enable the builder pattern
   = note: `#[warn(suggest_builder)]` on by default

warning: struct `LargerConfig` has 5 fields but does not derive `bon::Builder`
  --> $DIR/main.rs:15:1
   |
LL | / struct LargerConfig {
LL | |     host: String,
LL | |     port: u16,
LL | |     timeout: u32,
LL | |     retries: u8,
LL | |     verbose: bool,
LL | | }
   | |_^
   |
   = help: add `#[derive(bon::Builder)]` to enable the builder pattern

warning: struct `ManualDefaultConfig` has 4 fields but does not derive `bon::Builder`
  --> $DIR/main.rs:56:1
   |
LL | / struct ManualDefaultConfig {
LL | |     host: String,
LL | |     port: u16,
LL | |     timeout: u32,
LL | |     retries: u8,
LL | | }
   | |_^
   |
   = help: add `#[derive(bon::Builder)]` to enable the builder pattern

warning: struct `TypedContainer` has 4 fields but does not derive `bon::Builder`
  --> $DIR/main.rs:107:1
   |
LL | / struct TypedContainer<T, U> {
LL | |     name: String,
LL | |     capacity: usize,
LL | |     items: Vec<u8>,
...  |
LL | |     _u: PhantomData<fn(U)>,
LL | | }
   | |_^
   |
   = help: add `#[derive(bon::Builder)]` to enable the builder pattern

warning: 4 warnings emitted

