warning: direct call to `std::time::Instant::now()`
  --> $DIR/main.rs:16:15
   |
LL |     let now = Instant::now(); //~ WARNING: direct call to `std::time::Instant::now()`
   |               ^^^^^^^^^^^^^^
   |
   = help: accept a time parameter or use a clock trait so callers can control the time source in tests
   = note: `#[warn(global_side_effect_time)]` on by default

warning: direct call to `std::time::SystemTime::now()`
  --> $DIR/main.rs:21:5
   |
LL |     std::time::SystemTime::now() //~ WARNING: direct call to `std::time::SystemTime::now()`
   |     ^^^^^^^^^^^^^^^^^^^^^^^^^^^^
   |
   = help: accept a time parameter or use a clock trait so callers can control the time source in tests

warning: direct call to `std::env::var()`
  --> $DIR/main.rs:29:5
   |
LL |     std::env::var("MY_CONFIG").ok() //~ WARNING: direct call to `std::env::var()`
   |     ^^^^^^^^^^^^^^^^^^^^^^^^^^
   |
   = help: move this to your application's entry point and pass the value as a parameter
   = note: `#[warn(global_side_effect_env)]` on by default

warning: direct call to `std::env::vars()`
  --> $DIR/main.rs:33:25
   |
LL |     let _vars: Vec<_> = std::env::vars().collect(); //~ WARNING: direct call to `std::env::vars()`
   |                         ^^^^^^^^^^^^^^^^
   |
   = help: move this to your application's entry point and pass the value as a parameter

warning: direct call to `std::env::args()`
  --> $DIR/main.rs:37:25
   |
LL |     let _args: Vec<_> = std::env::args().collect(); //~ WARNING: direct call to `std::env::args()`
   |                         ^^^^^^^^^^^^^^^^
   |
   = help: move this to your application's entry point and pass the value as a parameter

warning: 5 warnings emitted

